2025-07-16 22:36:09,894 [INFO] VideoPlaybackManager: VideoPlaybackManager initialized successfully
2025-07-16 22:36:09,894 [INFO] VideoPlaybackManager: VideoPlaybackManager initialized successfully
2025-07-16 22:36:09,894 [INFO] ExportManager: ExportManager placeholder initialized
2025-07-16 22:36:09,894 [INFO] ExportManager: ExportManager initialized successfully
2025-07-16 22:36:10,269 [INFO] root: Checking for FFmpeg at: c:\Nextcloud\Documents\Visual Studio Code\Sentry-Six\viewer\..\ffmpeg_bin\ffmpeg.exe
2025-07-16 22:36:10,270 [INFO] root: FFmpeg exists: True
2025-07-16 22:36:17,713 [INFO] VideoPlaybackManager: VideoPlaybackManager placeholder cleaned up
2025-07-16 22:36:17,713 [INFO] ExportManager: ExportManager placeholder cleaned up
2025-07-16 22:36:17,713 [INFO] VideoPlaybackManager: VideoPlaybackManager placeholder cleaned up
2025-07-16 22:36:17,713 [INFO] ExportManager: ExportManager placeholder cleaned up
2025-07-16 22:46:48,716 [INFO] VideoPlaybackManager: VideoPlaybackManager initialized successfully
2025-07-16 22:46:48,716 [INFO] VideoPlaybackManager: VideoPlaybackManager initialized successfully
2025-07-16 22:46:48,716 [INFO] ExportManager: ExportManager placeholder initialized
2025-07-16 22:46:48,716 [INFO] ExportManager: ExportManager initialized successfully
2025-07-16 22:46:49,019 [INFO] root: Checking for FFmpeg at: C:\Nextcloud\Documents\Visual Studio Code\Sentry-Six\viewer\..\ffmpeg_bin\ffmpeg.exe
2025-07-16 22:46:49,020 [INFO] root: FFmpeg exists: True
2025-07-16 22:47:12,946 [INFO] VideoPlaybackManager: VideoPlaybackManager cleaned up successfully
2025-07-16 22:47:12,946 [INFO] ExportManager: ExportManager placeholder cleaned up
2025-07-16 22:47:12,947 [INFO] VideoPlaybackManager: VideoPlaybackManager cleaned up successfully
2025-07-16 22:47:12,947 [INFO] ExportManager: ExportManager placeholder cleaned up
2025-07-16 22:47:45,863 [CRITICAL] root: Uncaught exception
Traceback (most recent call last):
  File "C:\Nextcloud\Documents\Visual Studio Code\Sentry-Six\main.py", line 39, in <module>
    from viewer.ui import TeslaCamViewer
  File "C:\Nextcloud\Documents\Visual Studio Code\Sentry-Six\viewer\ui.py", line 28, in <module>
    from .managers import (DependencyContainer, ErrorHandler, VideoPlaybackManager,
                          ExportManager, ErrorContext, ErrorSeverity)
  File "C:\Nextcloud\Documents\Visual Studio Code\Sentry-Six\viewer\managers\__init__.py", line 17, in <module>
    from .video_playback import VideoPlaybackManager
  File "C:\Nextcloud\Documents\Visual Studio Code\Sentry-Six\viewer\managers\video_playback.py", line 19, in <module>
    class VideoPlaybackManager(BaseManager, QObject):
    ...<685 lines>...
                self.handle_error(e, "_swap_player_sets")
TypeError: metaclass conflict: the metaclass of a derived class must be a (non-strict) subclass of the metaclasses of all its bases
2025-07-16 22:50:39,463 [INFO] VideoPlaybackManager: VideoPlaybackManager initialized successfully
2025-07-16 22:50:39,463 [INFO] VideoPlaybackManager: VideoPlaybackManager initialized successfully
2025-07-16 22:50:39,463 [INFO] ExportManager: ExportManager placeholder initialized
2025-07-16 22:50:39,463 [INFO] ExportManager: ExportManager initialized successfully
2025-07-16 22:50:39,763 [INFO] root: Checking for FFmpeg at: c:\Nextcloud\Documents\Visual Studio Code\Sentry-Six\viewer\..\ffmpeg_bin\ffmpeg.exe
2025-07-16 22:50:39,764 [INFO] root: FFmpeg exists: True
2025-07-16 22:50:44,722 [INFO] VideoPlaybackManager: VideoPlaybackManager cleaned up successfully
2025-07-16 22:50:44,722 [INFO] ExportManager: ExportManager placeholder cleaned up
2025-07-16 22:50:44,722 [INFO] VideoPlaybackManager: VideoPlaybackManager cleaned up successfully
2025-07-16 22:50:44,722 [INFO] ExportManager: ExportManager placeholder cleaned up
2025-07-16 22:51:16,030 [INFO] VideoPlaybackManager: VideoPlaybackManager initialized successfully
2025-07-16 22:51:16,030 [INFO] VideoPlaybackManager: VideoPlaybackManager initialized successfully
2025-07-16 22:51:16,030 [INFO] ExportManager: ExportManager placeholder initialized
2025-07-16 22:51:16,030 [INFO] ExportManager: ExportManager initialized successfully
2025-07-16 22:51:16,335 [INFO] root: Checking for FFmpeg at: C:\Nextcloud\Documents\Visual Studio Code\Sentry-Six\viewer\..\ffmpeg_bin\ffmpeg.exe
2025-07-16 22:51:16,336 [INFO] root: FFmpeg exists: True
2025-07-16 22:52:01,362 [INFO] VideoPlaybackManager: VideoPlaybackManager initialized successfully
2025-07-16 22:52:01,363 [INFO] VideoPlaybackManager: VideoPlaybackManager initialized successfully
2025-07-16 22:52:01,363 [INFO] ExportManager: ExportManager placeholder initialized
2025-07-16 22:52:01,363 [INFO] ExportManager: ExportManager initialized successfully
2025-07-16 22:52:01,671 [INFO] root: Checking for FFmpeg at: c:\Nextcloud\Documents\Visual Studio Code\Sentry-Six\viewer\..\ffmpeg_bin\ffmpeg.exe
2025-07-16 22:52:01,671 [INFO] root: FFmpeg exists: True
2025-07-16 22:52:06,282 [INFO] VideoPlaybackManager: VideoPlaybackManager cleaned up successfully
2025-07-16 22:52:06,282 [INFO] ExportManager: ExportManager placeholder cleaned up
2025-07-16 22:52:06,282 [INFO] VideoPlaybackManager: VideoPlaybackManager cleaned up successfully
2025-07-16 22:52:06,282 [INFO] ExportManager: ExportManager placeholder cleaned up
2025-07-16 22:55:09,240 [INFO] VideoPlaybackManager: VideoPlaybackManager initialized successfully
2025-07-16 22:55:09,241 [INFO] VideoPlaybackManager: VideoPlaybackManager initialized successfully
2025-07-16 22:55:09,241 [INFO] ExportManager: ExportManager placeholder initialized
2025-07-16 22:55:09,241 [INFO] ExportManager: ExportManager initialized successfully
2025-07-16 22:55:09,545 [INFO] root: Checking for FFmpeg at: C:\Nextcloud\Documents\Visual Studio Code\Sentry-Six\viewer\..\ffmpeg_bin\ffmpeg.exe
2025-07-16 22:55:09,545 [INFO] root: FFmpeg exists: True
2025-07-16 22:55:32,371 [INFO] VideoPlaybackManager: VideoPlaybackManager cleaned up successfully
2025-07-16 22:55:32,372 [INFO] ExportManager: ExportManager placeholder cleaned up
2025-07-16 22:55:32,372 [INFO] VideoPlaybackManager: VideoPlaybackManager cleaned up successfully
2025-07-16 22:55:32,372 [INFO] ExportManager: ExportManager placeholder cleaned up
2025-07-16 22:56:21,223 [INFO] VideoPlaybackManager: VideoPlaybackManager initialized successfully
2025-07-16 22:56:21,223 [INFO] VideoPlaybackManager: VideoPlaybackManager initialized successfully
2025-07-16 22:56:21,224 [INFO] ExportManager: ExportManager placeholder initialized
2025-07-16 22:56:21,224 [INFO] ExportManager: ExportManager initialized successfully
2025-07-16 22:56:21,524 [INFO] root: Checking for FFmpeg at: C:\Nextcloud\Documents\Visual Studio Code\Sentry-Six\viewer\..\ffmpeg_bin\ffmpeg.exe
2025-07-16 22:56:21,524 [INFO] root: FFmpeg exists: True
2025-07-16 22:56:36,862 [INFO] VideoPlaybackManager: VideoPlaybackManager cleaned up successfully
2025-07-16 22:56:36,862 [INFO] ExportManager: ExportManager placeholder cleaned up
2025-07-16 22:56:36,862 [INFO] VideoPlaybackManager: VideoPlaybackManager cleaned up successfully
2025-07-16 22:56:36,862 [INFO] ExportManager: ExportManager placeholder cleaned up
2025-07-16 22:57:43,736 [INFO] VideoPlaybackManager: VideoPlaybackManager initialized successfully
2025-07-16 22:57:43,736 [INFO] VideoPlaybackManager: VideoPlaybackManager initialized successfully
2025-07-16 22:57:43,736 [INFO] ExportManager: ExportManager placeholder initialized
2025-07-16 22:57:43,736 [INFO] ExportManager: ExportManager initialized successfully
2025-07-16 22:57:44,046 [INFO] root: Checking for FFmpeg at: C:\Nextcloud\Documents\Visual Studio Code\Sentry-Six\viewer\..\ffmpeg_bin\ffmpeg.exe
2025-07-16 22:57:44,047 [INFO] root: FFmpeg exists: True
2025-07-16 22:57:52,547 [INFO] VideoPlaybackManager: VideoPlaybackManager cleaned up successfully
2025-07-16 22:57:52,548 [INFO] ExportManager: ExportManager placeholder cleaned up
2025-07-16 22:57:52,548 [INFO] VideoPlaybackManager: VideoPlaybackManager cleaned up successfully
2025-07-16 22:57:52,548 [INFO] ExportManager: ExportManager placeholder cleaned up
2025-07-16 22:58:35,727 [INFO] VideoPlaybackManager: VideoPlaybackManager initialized successfully
2025-07-16 22:58:35,727 [INFO] VideoPlaybackManager: VideoPlaybackManager initialized successfully
2025-07-16 22:58:35,727 [INFO] ExportManager: ExportManager placeholder initialized
2025-07-16 22:58:35,728 [INFO] ExportManager: ExportManager initialized successfully
2025-07-16 22:58:35,935 [WARNING] viewer.managers.container: Overriding existing service: app_state
2025-07-16 22:58:36,033 [INFO] root: Checking for FFmpeg at: C:\Nextcloud\Documents\Visual Studio Code\Sentry-Six\viewer\..\ffmpeg_bin\ffmpeg.exe
2025-07-16 22:58:36,034 [INFO] root: FFmpeg exists: True
2025-07-16 22:58:37,597 [WARNING] viewer.managers.container: Overriding existing service: app_state
2025-07-16 22:59:02,848 [WARNING] viewer.managers.container: Overriding existing service: app_state
2025-07-16 22:59:07,518 [INFO] VideoPlaybackManager: VideoPlaybackManager cleaned up successfully
2025-07-16 22:59:07,518 [INFO] ExportManager: ExportManager placeholder cleaned up
2025-07-16 22:59:07,518 [INFO] VideoPlaybackManager: VideoPlaybackManager cleaned up successfully
2025-07-16 22:59:07,518 [INFO] ExportManager: ExportManager placeholder cleaned up
2025-07-16 23:00:05,623 [INFO] VideoPlaybackManager: VideoPlaybackManager initialized successfully
2025-07-16 23:00:05,623 [INFO] VideoPlaybackManager: VideoPlaybackManager initialized successfully
2025-07-16 23:00:05,623 [INFO] ExportManager: ExportManager placeholder initialized
2025-07-16 23:00:05,623 [INFO] ExportManager: ExportManager initialized successfully
2025-07-16 23:00:05,830 [WARNING] viewer.managers.container: Overriding existing service: app_state
2025-07-16 23:00:05,928 [INFO] root: Checking for FFmpeg at: C:\Nextcloud\Documents\Visual Studio Code\Sentry-Six\viewer\..\ffmpeg_bin\ffmpeg.exe
2025-07-16 23:00:05,929 [INFO] root: FFmpeg exists: True
2025-07-16 23:00:07,621 [WARNING] viewer.managers.container: Overriding existing service: app_state
2025-07-16 23:00:56,838 [INFO] VideoPlaybackManager: VideoPlaybackManager initialized successfully
2025-07-16 23:00:56,838 [INFO] VideoPlaybackManager: VideoPlaybackManager initialized successfully
2025-07-16 23:00:56,838 [INFO] ExportManager: ExportManager placeholder initialized
2025-07-16 23:00:56,838 [INFO] ExportManager: ExportManager initialized successfully
2025-07-16 23:00:57,050 [WARNING] viewer.managers.container: Overriding existing service: app_state
2025-07-16 23:00:57,145 [INFO] root: Checking for FFmpeg at: c:\Nextcloud\Documents\Visual Studio Code\Sentry-Six\viewer\..\ffmpeg_bin\ffmpeg.exe
2025-07-16 23:00:57,146 [INFO] root: FFmpeg exists: True
2025-07-16 23:00:58,604 [WARNING] viewer.managers.container: Overriding existing service: app_state
2025-07-16 23:01:23,302 [INFO] VideoPlaybackManager: VideoPlaybackManager cleaned up successfully
2025-07-16 23:01:23,302 [INFO] ExportManager: ExportManager placeholder cleaned up
2025-07-16 23:01:23,302 [INFO] VideoPlaybackManager: VideoPlaybackManager cleaned up successfully
2025-07-16 23:01:23,303 [INFO] ExportManager: ExportManager placeholder cleaned up
2025-07-16 23:17:02,172 [ERROR] VideoPlaybackManager: Error in VideoPlaybackManager initialization: 'VideoPlaybackManager' object has no attribute 'players_a'
Traceback (most recent call last):
  File "C:\Nextcloud\Documents\Visual Studio Code\Sentry-Six\viewer\managers\video_playback.py", line 107, in initialize
    self._create_players_and_items()
    ~~~~~~~~~~~~~~~~~~~~~~~~~~~~~~^^
  File "C:\Nextcloud\Documents\Visual Studio Code\Sentry-Six\viewer\managers\video_playback.py", line 119, in _create_players_and_items
    self.players_a.clear()
    ^^^^^^^^^^^^^^
AttributeError: 'VideoPlaybackManager' object has no attribute 'players_a'
2025-07-16 23:17:02,174 [ERROR] viewer.managers.error_handling: [VideoPlaybackManager] VideoPlaybackManager initialization | Time: 23:17:02 | Error: 'VideoPlaybackManager' object has no attribute 'players_a'
Traceback (most recent call last):
  File "C:\Nextcloud\Documents\Visual Studio Code\Sentry-Six\viewer\managers\video_playback.py", line 107, in initialize
    self._create_players_and_items()
    ~~~~~~~~~~~~~~~~~~~~~~~~~~~~~~^^
  File "C:\Nextcloud\Documents\Visual Studio Code\Sentry-Six\viewer\managers\video_playback.py", line 119, in _create_players_and_items
    self.players_a.clear()
    ^^^^^^^^^^^^^^
AttributeError: 'VideoPlaybackManager' object has no attribute 'players_a'
2025-07-16 23:19:46,542 [CRITICAL] root: Uncaught exception
Traceback (most recent call last):
  File "C:\Nextcloud\Documents\Visual Studio Code\Sentry-Six\main.py", line 72, in <module>
    main()
    ~~~~^^
  File "C:\Nextcloud\Documents\Visual Studio Code\Sentry-Six\main.py", line 66, in main
    viewer = TeslaCamViewer(show_welcome=SHOW_WELCOME)
  File "C:\Nextcloud\Documents\Visual Studio Code\Sentry-Six\viewer\ui.py", line 75, in __init__
    self._initialize_managers()
    ~~~~~~~~~~~~~~~~~~~~~~~~~^^
  File "C:\Nextcloud\Documents\Visual Studio Code\Sentry-Six\viewer\ui.py", line 1254, in _initialize_managers
    raise RuntimeError("Failed to initialize one or more managers")
RuntimeError: Failed to initialize one or more managers
2025-07-16 23:20:48,318 [INFO] VideoPlaybackManager: VideoPlaybackManager initialized successfully
2025-07-16 23:20:48,319 [INFO] VideoPlaybackManager: VideoPlaybackManager initialized successfully
2025-07-16 23:20:48,319 [INFO] ExportManager: ExportManager placeholder initialized
2025-07-16 23:20:48,319 [INFO] ExportManager: ExportManager initialized successfully
2025-07-16 23:20:48,555 [WARNING] viewer.managers.container: Overriding existing service: app_state
2025-07-16 23:20:48,667 [INFO] root: Checking for FFmpeg at: C:\Nextcloud\Documents\Visual Studio Code\Sentry-Six\viewer\..\ffmpeg_bin\ffmpeg.exe
2025-07-16 23:20:48,667 [INFO] root: FFmpeg exists: True
2025-07-16 23:21:00,251 [WARNING] viewer.managers.container: Overriding existing service: app_state
2025-07-16 23:21:11,390 [WARNING] viewer.managers.container: Overriding existing service: app_state
2025-07-16 23:57:21,571 [INFO] VideoPlaybackManager: VideoPlaybackManager initialized successfully
2025-07-16 23:57:21,571 [INFO] VideoPlaybackManager: VideoPlaybackManager initialized successfully
2025-07-16 23:57:21,571 [INFO] ExportManager: ExportManager initialized successfully
2025-07-16 23:57:21,571 [INFO] ExportManager: ExportManager initialized successfully
2025-07-16 23:57:21,786 [WARNING] viewer.managers.container: Overriding existing service: app_state
2025-07-16 23:57:21,883 [INFO] root: Checking for FFmpeg at: C:\Nextcloud\Documents\Visual Studio Code\Sentry-Six\viewer\..\ffmpeg_bin\ffmpeg.exe
2025-07-16 23:57:21,883 [INFO] root: FFmpeg exists: True
2025-07-16 23:57:28,021 [WARNING] viewer.managers.container: Overriding existing service: app_state
2025-07-16 23:58:22,090 [INFO] VideoPlaybackManager: VideoPlaybackManager initialized successfully
2025-07-16 23:58:22,090 [INFO] VideoPlaybackManager: VideoPlaybackManager initialized successfully
2025-07-16 23:58:22,091 [INFO] ExportManager: ExportManager initialized successfully
2025-07-16 23:58:22,091 [INFO] ExportManager: ExportManager initialized successfully
2025-07-16 23:58:22,339 [WARNING] viewer.managers.container: Overriding existing service: app_state
2025-07-16 23:58:22,437 [INFO] root: Checking for FFmpeg at: c:\Nextcloud\Documents\Visual Studio Code\Sentry-Six\viewer\..\ffmpeg_bin\ffmpeg.exe
2025-07-16 23:58:22,437 [INFO] root: FFmpeg exists: True
2025-07-16 23:58:24,013 [WARNING] viewer.managers.container: Overriding existing service: app_state
2025-07-16 23:58:30,845 [INFO] VideoPlaybackManager: VideoPlaybackManager cleaned up successfully
2025-07-16 23:58:30,846 [INFO] ExportManager: ExportManager cleaned up successfully
2025-07-16 23:58:30,846 [INFO] VideoPlaybackManager: VideoPlaybackManager cleaned up successfully
2025-07-16 23:58:30,846 [INFO] ExportManager: ExportManager cleaned up successfully
2025-07-16 23:58:33,503 [INFO] VideoPlaybackManager: VideoPlaybackManager initialized successfully
2025-07-16 23:58:33,504 [INFO] VideoPlaybackManager: VideoPlaybackManager initialized successfully
2025-07-16 23:58:33,504 [INFO] ExportManager: ExportManager initialized successfully
2025-07-16 23:58:33,504 [INFO] ExportManager: ExportManager initialized successfully
2025-07-16 23:58:33,716 [WARNING] viewer.managers.container: Overriding existing service: app_state
2025-07-16 23:58:33,813 [INFO] root: Checking for FFmpeg at: c:\Nextcloud\Documents\Visual Studio Code\Sentry-Six\viewer\..\ffmpeg_bin\ffmpeg.exe
2025-07-16 23:58:33,813 [INFO] root: FFmpeg exists: True
2025-07-16 23:58:36,603 [WARNING] viewer.managers.container: Overriding existing service: app_state
2025-07-16 23:58:46,119 [INFO] VideoPlaybackManager: VideoPlaybackManager cleaned up successfully
2025-07-16 23:58:46,119 [INFO] ExportManager: ExportManager cleaned up successfully
2025-07-16 23:58:46,119 [INFO] VideoPlaybackManager: VideoPlaybackManager cleaned up successfully
2025-07-16 23:58:46,119 [INFO] ExportManager: ExportManager cleaned up successfully
2025-07-17 00:00:33,143 [INFO] VideoPlaybackManager: VideoPlaybackManager initialized successfully
2025-07-17 00:00:33,143 [INFO] VideoPlaybackManager: VideoPlaybackManager initialized successfully
2025-07-17 00:00:33,143 [INFO] ExportManager: ExportManager initialized successfully
2025-07-17 00:00:33,143 [INFO] ExportManager: ExportManager initialized successfully
2025-07-17 00:00:33,349 [WARNING] viewer.managers.container: Overriding existing service: app_state
2025-07-17 00:00:33,445 [INFO] root: Checking for FFmpeg at: C:\Nextcloud\Documents\Visual Studio Code\Sentry-Six\viewer\..\ffmpeg_bin\ffmpeg.exe
2025-07-17 00:00:33,446 [INFO] root: FFmpeg exists: True
2025-07-17 00:00:34,999 [WARNING] viewer.managers.container: Overriding existing service: app_state
2025-07-17 00:01:25,198 [INFO] VideoPlaybackManager: VideoPlaybackManager initialized successfully
2025-07-17 00:01:25,199 [INFO] VideoPlaybackManager: VideoPlaybackManager initialized successfully
2025-07-17 00:01:25,199 [INFO] ExportManager: ExportManager initialized successfully
2025-07-17 00:01:25,199 [INFO] ExportManager: ExportManager initialized successfully
2025-07-17 00:01:25,411 [WARNING] viewer.managers.container: Overriding existing service: app_state
2025-07-17 00:01:25,507 [INFO] root: Checking for FFmpeg at: C:\Nextcloud\Documents\Visual Studio Code\Sentry-Six\viewer\..\ffmpeg_bin\ffmpeg.exe
2025-07-17 00:01:25,507 [INFO] root: FFmpeg exists: True
2025-07-17 00:01:27,291 [WARNING] viewer.managers.container: Overriding existing service: app_state
2025-07-17 00:02:20,709 [INFO] VideoPlaybackManager: VideoPlaybackManager initialized successfully
2025-07-17 00:02:20,710 [INFO] VideoPlaybackManager: VideoPlaybackManager initialized successfully
2025-07-17 00:02:20,710 [INFO] ExportManager: ExportManager initialized successfully
2025-07-17 00:02:20,710 [INFO] ExportManager: ExportManager initialized successfully
2025-07-17 00:02:20,917 [WARNING] viewer.managers.container: Overriding existing service: app_state
2025-07-17 00:02:21,012 [INFO] root: Checking for FFmpeg at: C:\Nextcloud\Documents\Visual Studio Code\Sentry-Six\viewer\..\ffmpeg_bin\ffmpeg.exe
2025-07-17 00:02:21,012 [INFO] root: FFmpeg exists: True
2025-07-17 00:02:22,518 [WARNING] viewer.managers.container: Overriding existing service: app_state
2025-07-17 00:02:30,701 [INFO] VideoPlaybackManager: VideoPlaybackManager cleaned up successfully
2025-07-17 00:02:30,701 [INFO] ExportManager: ExportManager cleaned up successfully
2025-07-17 00:02:30,701 [INFO] VideoPlaybackManager: VideoPlaybackManager cleaned up successfully
2025-07-17 00:02:30,701 [INFO] ExportManager: ExportManager cleaned up successfully
2025-07-17 00:03:10,389 [INFO] VideoPlaybackManager: VideoPlaybackManager initialized successfully
2025-07-17 00:03:10,389 [INFO] VideoPlaybackManager: VideoPlaybackManager initialized successfully
2025-07-17 00:03:10,389 [INFO] ExportManager: ExportManager initialized successfully
2025-07-17 00:03:10,389 [INFO] ExportManager: ExportManager initialized successfully
2025-07-17 00:03:10,604 [WARNING] viewer.managers.container: Overriding existing service: app_state
2025-07-17 00:03:10,700 [INFO] root: Checking for FFmpeg at: C:\Nextcloud\Documents\Visual Studio Code\Sentry-Six\viewer\..\ffmpeg_bin\ffmpeg.exe
2025-07-17 00:03:10,700 [INFO] root: FFmpeg exists: True
2025-07-17 00:03:12,801 [WARNING] viewer.managers.container: Overriding existing service: app_state
2025-07-17 00:03:21,540 [INFO] VideoPlaybackManager: VideoPlaybackManager cleaned up successfully
2025-07-17 00:03:21,540 [INFO] ExportManager: ExportManager cleaned up successfully
2025-07-17 00:03:21,540 [INFO] VideoPlaybackManager: VideoPlaybackManager cleaned up successfully
2025-07-17 00:03:21,540 [INFO] ExportManager: ExportManager cleaned up successfully
2025-07-17 00:03:51,766 [INFO] VideoPlaybackManager: VideoPlaybackManager initialized successfully
2025-07-17 00:03:51,767 [INFO] VideoPlaybackManager: VideoPlaybackManager initialized successfully
2025-07-17 00:03:51,767 [INFO] ExportManager: ExportManager initialized successfully
2025-07-17 00:03:51,767 [INFO] ExportManager: ExportManager initialized successfully
2025-07-17 00:03:51,973 [WARNING] viewer.managers.container: Overriding existing service: app_state
2025-07-17 00:03:52,068 [INFO] root: Checking for FFmpeg at: C:\Nextcloud\Documents\Visual Studio Code\Sentry-Six\viewer\..\ffmpeg_bin\ffmpeg.exe
2025-07-17 00:03:52,068 [INFO] root: FFmpeg exists: True
2025-07-17 00:03:53,794 [WARNING] viewer.managers.container: Overriding existing service: app_state
2025-07-17 00:04:03,241 [INFO] VideoPlaybackManager: VideoPlaybackManager cleaned up successfully
2025-07-17 00:04:03,241 [INFO] ExportManager: ExportManager cleaned up successfully
2025-07-17 00:04:03,241 [INFO] VideoPlaybackManager: VideoPlaybackManager cleaned up successfully
2025-07-17 00:04:03,241 [INFO] ExportManager: ExportManager cleaned up successfully
2025-07-17 00:04:46,467 [INFO] VideoPlaybackManager: VideoPlaybackManager initialized successfully
2025-07-17 00:04:46,467 [INFO] VideoPlaybackManager: VideoPlaybackManager initialized successfully
2025-07-17 00:04:46,467 [INFO] ExportManager: ExportManager initialized successfully
2025-07-17 00:04:46,468 [INFO] ExportManager: ExportManager initialized successfully
2025-07-17 00:04:46,684 [WARNING] viewer.managers.container: Overriding existing service: app_state
2025-07-17 00:04:46,786 [INFO] root: Checking for FFmpeg at: C:\Nextcloud\Documents\Visual Studio Code\Sentry-Six\viewer\..\ffmpeg_bin\ffmpeg.exe
2025-07-17 00:04:46,786 [INFO] root: FFmpeg exists: True
2025-07-17 00:04:48,611 [WARNING] viewer.managers.container: Overriding existing service: app_state
2025-07-17 00:06:57,160 [CRITICAL] root: Uncaught exception
Traceback (most recent call last):
  File "C:\Nextcloud\Documents\Visual Studio Code\Sentry-Six\main.py", line 39, in <module>
    from viewer.ui import TeslaCamViewer
  File "C:\Nextcloud\Documents\Visual Studio Code\Sentry-Six\viewer\ui.py", line 28, in <module>
    from .managers import (DependencyContainer, ErrorHandler, VideoPlaybackManager,
                          ExportManager, ErrorContext, ErrorSeverity)
  File "C:\Nextcloud\Documents\Visual Studio Code\Sentry-Six\viewer\managers\__init__.py", line 18, in <module>
    from .export import ExportManager
  File "C:\Nextcloud\Documents\Visual Studio Code\Sentry-Six\viewer\managers\export.py", line 91
    else:
    ^^^^
SyntaxError: invalid syntax
2025-07-17 00:07:29,812 [INFO] VideoPlaybackManager: VideoPlaybackManager initialized successfully
2025-07-17 00:07:29,812 [INFO] VideoPlaybackManager: VideoPlaybackManager initialized successfully
2025-07-17 00:07:29,812 [INFO] ExportManager: ExportManager initialized successfully
2025-07-17 00:07:29,812 [INFO] ExportManager: ExportManager initialized successfully
2025-07-17 00:07:30,019 [WARNING] viewer.managers.container: Overriding existing service: app_state
2025-07-17 00:07:30,115 [INFO] root: Checking for FFmpeg at: C:\Nextcloud\Documents\Visual Studio Code\Sentry-Six\viewer\..\ffmpeg_bin\ffmpeg.exe
2025-07-17 00:07:30,116 [INFO] root: FFmpeg exists: True
2025-07-17 00:07:32,423 [WARNING] viewer.managers.container: Overriding existing service: app_state
2025-07-17 00:08:07,883 [INFO] VideoPlaybackManager: VideoPlaybackManager initialized successfully
2025-07-17 00:08:07,884 [INFO] VideoPlaybackManager: VideoPlaybackManager initialized successfully
2025-07-17 00:08:07,884 [INFO] ExportManager: ExportManager initialized successfully
2025-07-17 00:08:07,884 [INFO] ExportManager: ExportManager initialized successfully
2025-07-17 00:08:08,102 [WARNING] viewer.managers.container: Overriding existing service: app_state
2025-07-17 00:08:08,200 [INFO] root: Checking for FFmpeg at: c:\Nextcloud\Documents\Visual Studio Code\Sentry-Six\viewer\..\ffmpeg_bin\ffmpeg.exe
2025-07-17 00:08:08,201 [INFO] root: FFmpeg exists: True
2025-07-17 00:08:09,636 [WARNING] viewer.managers.container: Overriding existing service: app_state
2025-07-17 00:09:06,979 [INFO] ExportManager: Export started: C:/Users/Jhoan/Downloads/tessst2025-07-09_clip.mp4 (mobile: True)
2025-07-17 00:09:31,446 [INFO] ExportManager: Export cancelled by user
2025-07-17 00:09:48,397 [INFO] ExportManager: Export completed successfully in 24.5s: C:/Users/Jhoan/Downloads/tessst2025-07-09_clip.mp4
2025-07-17 00:10:43,496 [INFO] VideoPlaybackManager: VideoPlaybackManager cleaned up successfully
2025-07-17 00:10:43,497 [INFO] ExportManager: ExportManager cleaned up successfully
2025-07-17 00:10:43,497 [INFO] VideoPlaybackManager: VideoPlaybackManager cleaned up successfully
2025-07-17 00:10:43,497 [INFO] ExportManager: ExportManager cleaned up successfully
2025-07-17 00:26:59,660 [INFO] VideoPlaybackManager: VideoPlaybackManager initialized successfully
2025-07-17 00:26:59,660 [INFO] VideoPlaybackManager: VideoPlaybackManager initialized successfully
2025-07-17 00:26:59,660 [INFO] ExportManager: ExportManager initialized successfully
2025-07-17 00:26:59,660 [INFO] ExportManager: ExportManager initialized successfully
2025-07-17 00:26:59,660 [INFO] LayoutManager: LayoutManager initialized successfully
2025-07-17 00:26:59,660 [INFO] LayoutManager: LayoutManager initialized successfully
2025-07-17 00:26:59,887 [WARNING] viewer.managers.container: Overriding existing service: app_state
2025-07-17 00:26:59,887 [WARNING] LayoutManager: UI components not available for layout update
2025-07-17 00:27:00,161 [INFO] root: Checking for FFmpeg at: C:\Nextcloud\Documents\Visual Studio Code\Sentry-Six\viewer\..\ffmpeg_bin\ffmpeg.exe
2025-07-17 00:27:00,162 [INFO] root: FFmpeg exists: True
2025-07-17 00:27:07,691 [WARNING] viewer.managers.container: Overriding existing service: app_state
2025-07-17 00:27:07,736 [WARNING] LayoutManager: UI components not available for layout update
2025-07-17 00:27:15,021 [WARNING] viewer.managers.container: Overriding existing service: app_state
2025-07-17 00:27:15,100 [WARNING] LayoutManager: UI components not available for layout update
2025-07-17 00:27:46,425 [INFO] VideoPlaybackManager: VideoPlaybackManager cleaned up successfully
2025-07-17 00:27:46,425 [INFO] ExportManager: ExportManager cleaned up successfully
2025-07-17 00:27:46,425 [INFO] LayoutManager: LayoutManager cleaned up successfully
2025-07-17 00:27:46,425 [INFO] VideoPlaybackManager: VideoPlaybackManager cleaned up successfully
2025-07-17 00:27:46,425 [INFO] ExportManager: ExportManager cleaned up successfully
2025-07-17 00:27:46,425 [INFO] LayoutManager: LayoutManager cleaned up successfully
2025-07-17 00:28:41,213 [INFO] VideoPlaybackManager: VideoPlaybackManager initialized successfully
2025-07-17 00:28:41,213 [INFO] VideoPlaybackManager: VideoPlaybackManager initialized successfully
2025-07-17 00:28:41,213 [INFO] ExportManager: ExportManager initialized successfully
2025-07-17 00:28:41,213 [INFO] ExportManager: ExportManager initialized successfully
2025-07-17 00:28:41,213 [INFO] LayoutManager: LayoutManager initialized successfully
2025-07-17 00:28:41,213 [INFO] LayoutManager: LayoutManager initialized successfully
2025-07-17 00:28:41,432 [WARNING] viewer.managers.container: Overriding existing service: app_state
2025-07-17 00:28:41,432 [WARNING] LayoutManager: UI components not available for layout update
2025-07-17 00:28:41,701 [INFO] root: Checking for FFmpeg at: C:\Nextcloud\Documents\Visual Studio Code\Sentry-Six\viewer\..\ffmpeg_bin\ffmpeg.exe
2025-07-17 00:28:41,701 [INFO] root: FFmpeg exists: True
2025-07-17 00:28:43,256 [WARNING] viewer.managers.container: Overriding existing service: app_state
2025-07-17 00:28:43,299 [WARNING] LayoutManager: UI components not available for layout update
2025-07-17 00:28:56,265 [INFO] VideoPlaybackManager: VideoPlaybackManager cleaned up successfully
2025-07-17 00:28:56,265 [INFO] ExportManager: ExportManager cleaned up successfully
2025-07-17 00:28:56,265 [INFO] LayoutManager: LayoutManager cleaned up successfully
2025-07-17 00:28:56,266 [INFO] VideoPlaybackManager: VideoPlaybackManager cleaned up successfully
2025-07-17 00:28:56,266 [INFO] ExportManager: ExportManager cleaned up successfully
2025-07-17 00:28:56,266 [INFO] LayoutManager: LayoutManager cleaned up successfully
2025-07-17 00:33:08,126 [INFO] VideoPlaybackManager: VideoPlaybackManager initialized successfully
2025-07-17 00:33:08,126 [INFO] VideoPlaybackManager: VideoPlaybackManager initialized successfully
2025-07-17 00:33:08,126 [INFO] ExportManager: ExportManager initialized successfully
2025-07-17 00:33:08,126 [INFO] ExportManager: ExportManager initialized successfully
2025-07-17 00:33:08,127 [INFO] LayoutManager: LayoutManager initialized successfully
2025-07-17 00:33:08,127 [INFO] LayoutManager: LayoutManager initialized successfully
2025-07-17 00:33:08,398 [INFO] root: Checking for FFmpeg at: C:\Nextcloud\Documents\Visual Studio Code\Sentry-Six\viewer\..\ffmpeg_bin\ffmpeg.exe
2025-07-17 00:33:08,399 [INFO] root: FFmpeg exists: True
2025-07-17 00:33:11,382 [WARNING] viewer.managers.container: Overriding existing service: app_state
2025-07-17 00:33:49,669 [INFO] VideoPlaybackManager: VideoPlaybackManager initialized successfully
2025-07-17 00:33:49,669 [INFO] VideoPlaybackManager: VideoPlaybackManager initialized successfully
2025-07-17 00:33:49,670 [INFO] ExportManager: ExportManager initialized successfully
2025-07-17 00:33:49,670 [INFO] ExportManager: ExportManager initialized successfully
2025-07-17 00:33:49,670 [INFO] LayoutManager: LayoutManager initialized successfully
2025-07-17 00:33:49,670 [INFO] LayoutManager: LayoutManager initialized successfully
2025-07-17 00:33:49,767 [INFO] root: Checking for FFmpeg at: C:\Nextcloud\Documents\Visual Studio Code\Sentry-Six\viewer\..\ffmpeg_bin\ffmpeg.exe
2025-07-17 00:33:49,768 [INFO] root: FFmpeg exists: True
2025-07-17 00:33:52,306 [WARNING] viewer.managers.container: Overriding existing service: app_state
2025-07-17 00:34:35,291 [INFO] VideoPlaybackManager: VideoPlaybackManager initialized successfully
2025-07-17 00:34:35,291 [INFO] VideoPlaybackManager: VideoPlaybackManager initialized successfully
2025-07-17 00:34:35,292 [INFO] ExportManager: ExportManager initialized successfully
2025-07-17 00:34:35,292 [INFO] ExportManager: ExportManager initialized successfully
2025-07-17 00:34:35,292 [INFO] LayoutManager: LayoutManager initialized successfully
2025-07-17 00:34:35,292 [INFO] LayoutManager: LayoutManager initialized successfully
2025-07-17 00:34:35,386 [INFO] root: Checking for FFmpeg at: c:\Nextcloud\Documents\Visual Studio Code\Sentry-Six\viewer\..\ffmpeg_bin\ffmpeg.exe
2025-07-17 00:34:35,387 [INFO] root: FFmpeg exists: True
2025-07-17 00:34:57,622 [WARNING] viewer.managers.container: Overriding existing service: app_state
2025-07-17 00:36:23,771 [INFO] VideoPlaybackManager: VideoPlaybackManager cleaned up successfully
2025-07-17 00:36:23,772 [INFO] ExportManager: ExportManager cleaned up successfully
2025-07-17 00:36:23,772 [INFO] LayoutManager: LayoutManager cleaned up successfully
2025-07-17 00:36:23,772 [INFO] VideoPlaybackManager: VideoPlaybackManager cleaned up successfully
2025-07-17 00:36:23,772 [INFO] ExportManager: ExportManager cleaned up successfully
2025-07-17 00:36:23,772 [INFO] LayoutManager: LayoutManager cleaned up successfully
2025-07-17 00:50:56,965 [INFO] VideoPlaybackManager: VideoPlaybackManager initialized successfully
2025-07-17 00:50:56,965 [INFO] VideoPlaybackManager: VideoPlaybackManager initialized successfully
2025-07-17 00:50:56,965 [INFO] ExportManager: ExportManager initialized successfully
2025-07-17 00:50:56,965 [INFO] ExportManager: ExportManager initialized successfully
2025-07-17 00:50:56,965 [INFO] LayoutManager: LayoutManager initialized successfully
2025-07-17 00:50:56,965 [INFO] LayoutManager: LayoutManager initialized successfully
2025-07-17 00:50:56,965 [INFO] ClipManager: ClipManager initialized successfully
2025-07-17 00:50:56,966 [INFO] ClipManager: ClipManager initialized successfully
2025-07-17 00:50:57,053 [INFO] root: Checking for FFmpeg at: C:\Nextcloud\Documents\Visual Studio Code\Sentry-Six\viewer\..\ffmpeg_bin\ffmpeg.exe
2025-07-17 00:50:57,053 [INFO] root: FFmpeg exists: True
2025-07-17 00:52:06,343 [INFO] VideoPlaybackManager: VideoPlaybackManager initialized successfully
2025-07-17 00:52:06,343 [INFO] VideoPlaybackManager: VideoPlaybackManager initialized successfully
2025-07-17 00:52:06,344 [INFO] ExportManager: ExportManager initialized successfully
2025-07-17 00:52:06,344 [INFO] ExportManager: ExportManager initialized successfully
2025-07-17 00:52:06,344 [INFO] LayoutManager: LayoutManager initialized successfully
2025-07-17 00:52:06,344 [INFO] LayoutManager: LayoutManager initialized successfully
2025-07-17 00:52:06,344 [INFO] ClipManager: ClipManager initialized successfully
2025-07-17 00:52:06,344 [INFO] ClipManager: ClipManager initialized successfully
2025-07-17 00:52:06,428 [INFO] root: Checking for FFmpeg at: C:\Nextcloud\Documents\Visual Studio Code\Sentry-Six\viewer\..\ffmpeg_bin\ffmpeg.exe
2025-07-17 00:52:06,429 [INFO] root: FFmpeg exists: True
2025-07-17 00:52:09,368 [WARNING] viewer.managers.container: Overriding existing service: app_state
2025-07-17 00:54:59,412 [INFO] VideoPlaybackManager: VideoPlaybackManager initialized successfully
2025-07-17 00:54:59,413 [INFO] VideoPlaybackManager: VideoPlaybackManager initialized successfully
2025-07-17 00:54:59,413 [INFO] ExportManager: ExportManager initialized successfully
2025-07-17 00:54:59,413 [INFO] ExportManager: ExportManager initialized successfully
2025-07-17 00:54:59,413 [INFO] LayoutManager: LayoutManager initialized successfully
2025-07-17 00:54:59,413 [INFO] LayoutManager: LayoutManager initialized successfully
2025-07-17 00:54:59,413 [INFO] ClipManager: ClipManager initialized successfully
2025-07-17 00:54:59,414 [INFO] ClipManager: ClipManager initialized successfully
2025-07-17 00:54:59,508 [INFO] root: Checking for FFmpeg at: c:\Nextcloud\Documents\Visual Studio Code\Sentry-Six\viewer\..\ffmpeg_bin\ffmpeg.exe
2025-07-17 00:54:59,509 [INFO] root: FFmpeg exists: True
2025-07-17 00:55:07,457 [WARNING] viewer.managers.container: Overriding existing service: app_state
2025-07-17 00:57:52,163 [WARNING] viewer.managers.container: Overriding existing service: app_state
2025-07-17 00:57:58,508 [WARNING] viewer.managers.container: Overriding existing service: app_state
2025-07-17 00:58:57,258 [INFO] VideoPlaybackManager: VideoPlaybackManager cleaned up successfully
2025-07-17 00:58:57,258 [INFO] ExportManager: ExportManager cleaned up successfully
2025-07-17 00:58:57,258 [INFO] LayoutManager: LayoutManager cleaned up successfully
2025-07-17 00:58:57,259 [ERROR] ClipManager: Error in stop_clip_loading: wrapped C/C++ object of type QThread has been deleted
Traceback (most recent call last):
  File "c:\Nextcloud\Documents\Visual Studio Code\Sentry-Six\viewer\managers\clip.py", line 279, in stop_clip_loading
    if self.clip_loader_thread and self.clip_loader_thread.isRunning():
                                   ~~~~~~~~~~~~~~~~~~~~~~~~~~~~~~~~~^^
RuntimeError: wrapped C/C++ object of type QThread has been deleted
2025-07-17 00:58:57,260 [ERROR] viewer.managers.error_handling: [ClipManager] stop_clip_loading | Time: 00:58:57 | Error: wrapped C/C++ object of type QThread has been deleted
Traceback (most recent call last):
  File "c:\Nextcloud\Documents\Visual Studio Code\Sentry-Six\viewer\managers\clip.py", line 279, in stop_clip_loading
    if self.clip_loader_thread and self.clip_loader_thread.isRunning():
                                   ~~~~~~~~~~~~~~~~~~~~~~~~~~~~~~~~~^^
RuntimeError: wrapped C/C++ object of type QThread has been deleted
2025-07-17 00:59:02,968 [INFO] ClipManager: ClipManager cleaned up successfully
2025-07-17 00:59:02,968 [INFO] VideoPlaybackManager: VideoPlaybackManager cleaned up successfully
2025-07-17 00:59:02,969 [INFO] ExportManager: ExportManager cleaned up successfully
2025-07-17 00:59:02,969 [INFO] LayoutManager: LayoutManager cleaned up successfully
2025-07-17 00:59:02,969 [ERROR] ClipManager: Error in stop_clip_loading: wrapped C/C++ object of type QThread has been deleted
Traceback (most recent call last):
  File "c:\Nextcloud\Documents\Visual Studio Code\Sentry-Six\viewer\managers\clip.py", line 279, in stop_clip_loading
    if self.clip_loader_thread and self.clip_loader_thread.isRunning():
                                   ~~~~~~~~~~~~~~~~~~~~~~~~~~~~~~~~~^^
RuntimeError: wrapped C/C++ object of type QThread has been deleted
